1611528195768	geckodriver	INFO	Listening on 127.0.0.1:58138
1611528198867	mozrunner::runner	INFO	Running command: "C:\\Program Files\\Mozilla Firefox\\firefox.exe" "--marionette" "-foreground" "-no-remote" "-profile" "C:\\Users\\PC_GYG~1\\AppData\\Local\\Temp\\rust_mozprofileeIfKYp"
1611528248528	geckodriver	INFO	Listening on 127.0.0.1:58194
1611528251578	mozrunner::runner	INFO	Running command: "C:\\Program Files\\Mozilla Firefox\\firefox.exe" "--marionette" "-foreground" "-no-remote" "-profile" "C:\\Users\\PC_GYG~1\\AppData\\Local\\Temp\\rust_mozprofilevXnpmJ"
Can't find symbol 'eglSwapBuffersWithDamageEXT'.
Can't find symbol 'eglSetDamageRegionKHR'.
JavaScript error: resource://gre/modules/XULStore.jsm, line 66: Error: Can't find profile directory.
console.warn: SearchSettings: "get: No settings file exists, new profile?" (new Error("", "(unknown module)"))
1611528254794	Marionette	INFO	Listening on port 58202
1611528255294	Marionette	WARN	TLS certificate errors will be ignored for this session
1611528255329	Marionette	INFO	Stopped listening on port 58202
JavaScript error: resource://activity-stream/lib/ASRouter.jsm, line 987: NS_ERROR_ILLEGAL_VALUE: Component returned failure code: 0x80070057 (NS_ERROR_ILLEGAL_VALUE) [nsIObserverService.removeObserver]

###!!! [Child][RunMessage] Error: Channel closing: too late to send/recv, messages will be lost

1611528367349	geckodriver	INFO	Listening on 127.0.0.1:58239
1611528370457	mozrunner::runner	INFO	Running command: "C:\\Program Files\\Mozilla Firefox\\firefox.exe" "--marionette" "-foreground" "-no-remote" "-profile" "C:\\Users\\PC_GYG~1\\AppData\\Local\\Temp\\rust_mozprofilef7VOLT"
Can't find symbol 'eglSwapBuffersWithDamageEXT'.
Can't find symbol 'eglSetDamageRegionKHR'.
JavaScript error: resource://gre/modules/XULStore.jsm, line 66: Error: Can't find profile directory.
console.warn: SearchSettings: "get: No settings file exists, new profile?" (new Error("", "(unknown module)"))
1611528373355	Marionette	INFO	Listening on port 58247
1611528373661	Marionette	WARN	TLS certificate errors will be ignored for this session
1611528419328	Marionette	INFO	Stopped listening on port 58247

###!!! [Child][RunMessage] Error: Channel closing: too late to send/recv, messages will be lost

1611528449384	geckodriver	INFO	Listening on 127.0.0.1:58333
1611528452476	mozrunner::runner	INFO	Running command: "C:\\Program Files\\Mozilla Firefox\\firefox.exe" "--marionette" "-foreground" "-no-remote" "-profile" "C:\\Users\\PC_GYG~1\\AppData\\Local\\Temp\\rust_mozprofileBClCfj"
Can't find symbol 'eglSwapBuffersWithDamageEXT'.
Can't find symbol 'eglSetDamageRegionKHR'.
JavaScript error: resource://gre/modules/XULStore.jsm, line 66: Error: Can't find profile directory.
console.warn: SearchSettings: "get: No settings file exists, new profile?" (new Error("", "(unknown module)"))
1611528455400	Marionette	INFO	Listening on port 58341
1611528455662	Marionette	WARN	TLS certificate errors will be ignored for this session
1611528488764	Marionette	INFO	Stopped listening on port 58341
1611528551316	geckodriver	INFO	Listening on 127.0.0.1:58428
1611528554378	mozrunner::runner	INFO	Running command: "C:\\Program Files\\Mozilla Firefox\\firefox.exe" "--marionette" "-foreground" "-no-remote" "-profile" "C:\\Users\\PC_GYG~1\\AppData\\Local\\Temp\\rust_mozprofileRPP3kl"
Can't find symbol 'eglSwapBuffersWithDamageEXT'.
Can't find symbol 'eglSetDamageRegionKHR'.
JavaScript error: resource://gre/modules/XULStore.jsm, line 66: Error: Can't find profile directory.
console.warn: SearchSettings: "get: No settings file exists, new profile?" (new Error("", "(unknown module)"))
1611528557271	Marionette	INFO	Listening on port 58438
1611528557577	Marionette	WARN	TLS certificate errors will be ignored for this session
1611528588825	Marionette	INFO	Stopped listening on port 58438

###!!! [Child][RunMessage] Error: Channel closing: too late to send/recv, messages will be lost

1611528751380	geckodriver	INFO	Listening on 127.0.0.1:58701
1611528754465	mozrunner::runner	INFO	Running command: "C:\\Program Files\\Mozilla Firefox\\firefox.exe" "--marionette" "-foreground" "-no-remote" "-profile" "C:\\Users\\PC_GYG~1\\AppData\\Local\\Temp\\rust_mozprofilegzYLJn"
Can't find symbol 'eglSwapBuffersWithDamageEXT'.
Can't find symbol 'eglSetDamageRegionKHR'.
JavaScript error: resource://gre/modules/XULStore.jsm, line 66: Error: Can't find profile directory.
console.warn: SearchSettings: "get: No settings file exists, new profile?" (new Error("", "(unknown module)"))
1611528757382	Marionette	INFO	Listening on port 58709
1611528757651	Marionette	WARN	TLS certificate errors will be ignored for this session
1611528776088	Marionette	INFO	Stopped listening on port 58709

###!!! [Child][RunMessage] Error: Channel closing: too late to send/recv, messages will be lost

1611528827044	geckodriver	INFO	Listening on 127.0.0.1:58784
1611528830146	mozrunner::runner	INFO	Running command: "C:\\Program Files\\Mozilla Firefox\\firefox.exe" "--marionette" "-foreground" "-no-remote" "-profile" "C:\\Users\\PC_GYG~1\\AppData\\Local\\Temp\\rust_mozprofileGXyQ4s"
Can't find symbol 'eglSwapBuffersWithDamageEXT'.
Can't find symbol 'eglSetDamageRegionKHR'.
JavaScript error: resource://gre/modules/XULStore.jsm, line 66: Error: Can't find profile directory.
console.warn: SearchSettings: "get: No settings file exists, new profile?" (new Error("", "(unknown module)"))
1611528833064	Marionette	INFO	Listening on port 58792
1611528833330	Marionette	WARN	TLS certificate errors will be ignored for this session
JavaScript error: resource://activity-stream/lib/ASRouter.jsm, line 987: NS_ERROR_ILLEGAL_VALUE: Component returned failure code: 0x80070057 (NS_ERROR_ILLEGAL_VALUE) [nsIObserverService.removeObserver]
console.warn: services.settings: main/whats-new-panel sync interrupted by shutdown
1611528835338	Marionette	INFO	Stopped listening on port 58792

###!!! [Child][RunMessage] Error: Channel closing: too late to send/recv, messages will be lost

1611528862003	geckodriver	INFO	Listening on 127.0.0.1:58851
1611528865097	mozrunner::runner	INFO	Running command: "C:\\Program Files\\Mozilla Firefox\\firefox.exe" "--marionette" "-foreground" "-no-remote" "-profile" "C:\\Users\\PC_GYG~1\\AppData\\Local\\Temp\\rust_mozprofilejiiuMP"
Can't find symbol 'eglSwapBuffersWithDamageEXT'.
Can't find symbol 'eglSetDamageRegionKHR'.
JavaScript error: resource://gre/modules/XULStore.jsm, line 66: Error: Can't find profile directory.
console.warn: SearchSettings: "get: No settings file exists, new profile?" (new Error("", "(unknown module)"))
1611528868020	Marionette	INFO	Listening on port 58859
1611528868320	Marionette	WARN	TLS certificate errors will be ignored for this session
1611528885761	Marionette	INFO	Stopped listening on port 58859

###!!! [Child][RunMessage] Error: Channel closing: too late to send/recv, messages will be lost

1611528933046	geckodriver	INFO	Listening on 127.0.0.1:58946
1611528936119	mozrunner::runner	INFO	Running command: "C:\\Program Files\\Mozilla Firefox\\firefox.exe" "--marionette" "-foreground" "-no-remote" "-profile" "C:\\Users\\PC_GYG~1\\AppData\\Local\\Temp\\rust_mozprofileK6fQGf"
Can't find symbol 'eglSwapBuffersWithDamageEXT'.
Can't find symbol 'eglSetDamageRegionKHR'.
JavaScript error: resource://gre/modules/XULStore.jsm, line 66: Error: Can't find profile directory.
console.warn: SearchSettings: "get: No settings file exists, new profile?" (new Error("", "(unknown module)"))
1611528940263	Marionette	INFO	Listening on port 58954
1611528940339	Marionette	WARN	TLS certificate errors will be ignored for this session

###!!! [Child][MessageChannel] Error: (msgtype=0x5B000E,name=PHttpChannel::Msg___delete__) Channel closing: too late to send/recv, messages will be lost


###!!! [Child][MessageChannel] Error: (msgtype=0x6B0027,name=PNecko::Msg_RemoveRequestContext) Channel closing: too late to send/recv, messages will be lost


###!!! [Child][RunMessage] Error: Channel closing: too late to send/recv, messages will be lost

1611528970882	Marionette	INFO	Stopped listening on port 58954

###!!! [Child][RunMessage] Error: Channel closing: too late to send/recv, messages will be lost

1611529120544	geckodriver	INFO	Listening on 127.0.0.1:59040
1611529123642	mozrunner::runner	INFO	Running command: "C:\\Program Files\\Mozilla Firefox\\firefox.exe" "--marionette" "-foreground" "-no-remote" "-profile" "C:\\Users\\PC_GYG~1\\AppData\\Local\\Temp\\rust_mozprofilevScD20"
Can't find symbol 'eglSwapBuffersWithDamageEXT'.
Can't find symbol 'eglSetDamageRegionKHR'.
JavaScript error: resource://gre/modules/XULStore.jsm, line 66: Error: Can't find profile directory.
console.warn: SearchSettings: "get: No settings file exists, new profile?" (new Error("", "(unknown module)"))
1611529127351	Marionette	INFO	Listening on port 59048
1611529127862	Marionette	WARN	TLS certificate errors will be ignored for this session
1611529150258	Marionette	INFO	Stopped listening on port 59048

###!!! [Child][RunMessage] Error: Channel closing: too late to send/recv, messages will be lost

1611529201644	geckodriver	INFO	Listening on 127.0.0.1:59128
1611529204736	mozrunner::runner	INFO	Running command: "C:\\Program Files\\Mozilla Firefox\\firefox.exe" "--marionette" "-foreground" "-no-remote" "-profile" "C:\\Users\\PC_GYG~1\\AppData\\Local\\Temp\\rust_mozprofilebRB0zJ"
Can't find symbol 'eglSwapBuffersWithDamageEXT'.
Can't find symbol 'eglSetDamageRegionKHR'.
JavaScript error: resource://gre/modules/XULStore.jsm, line 66: Error: Can't find profile directory.
console.warn: SearchSettings: "get: No settings file exists, new profile?" (new Error("", "(unknown module)"))
[Parent 4840, Gecko_IOThread] WARNING: file /builds/worker/checkouts/gecko/ipc/chromium/src/base/process_util_win.cc:166
1611529211651	Marionette	INFO	Listening on port 59136
1611529211707	Marionette	WARN	TLS certificate errors will be ignored for this session
1611529264803	Marionette	INFO	Stopped listening on port 59136

###!!! [Child][RunMessage] Error: Channel closing: too late to send/recv, messages will be lost

1611529328466	geckodriver	INFO	Listening on 127.0.0.1:59223
1611529331552	mozrunner::runner	INFO	Running command: "C:\\Program Files\\Mozilla Firefox\\firefox.exe" "--marionette" "-foreground" "-no-remote" "-profile" "C:\\Users\\PC_GYG~1\\AppData\\Local\\Temp\\rust_mozprofilePSzHjg"
Can't find symbol 'eglSwapBuffersWithDamageEXT'.
Can't find symbol 'eglSetDamageRegionKHR'.
JavaScript error: resource://gre/modules/XULStore.jsm, line 66: Error: Can't find profile directory.
console.warn: SearchSettings: "get: No settings file exists, new profile?" (new Error("", "(unknown module)"))
1611529334617	Marionette	INFO	Listening on port 59233
1611529334745	Marionette	WARN	TLS certificate errors will be ignored for this session
1611529362752	Marionette	INFO	Stopped listening on port 59233

###!!! [Child][RunMessage] Error: Channel closing: too late to send/recv, messages will be lost

1611529549740	geckodriver	INFO	Listening on 127.0.0.1:59325
1611529552858	mozrunner::runner	INFO	Running command: "C:\\Program Files\\Mozilla Firefox\\firefox.exe" "--marionette" "-foreground" "-no-remote" "-profile" "C:\\Users\\PC_GYG~1\\AppData\\Local\\Temp\\rust_mozprofilecv3qNK"
Can't find symbol 'eglSwapBuffersWithDamageEXT'.
Can't find symbol 'eglSetDamageRegionKHR'.
JavaScript error: resource://gre/modules/XULStore.jsm, line 66: Error: Can't find profile directory.
console.warn: SearchSettings: "get: No settings file exists, new profile?" (new Error("", "(unknown module)"))
1611529555981	Marionette	INFO	Listening on port 59333
1611529556065	Marionette	WARN	TLS certificate errors will be ignored for this session
1611529596751	Marionette	INFO	Stopped listening on port 59333

###!!! [Child][RunMessage] Error: Channel closing: too late to send/recv, messages will be lost

1611529619520	geckodriver	INFO	Listening on 127.0.0.1:59417
1611529622582	mozrunner::runner	INFO	Running command: "C:\\Program Files\\Mozilla Firefox\\firefox.exe" "--marionette" "-foreground" "-no-remote" "-profile" "C:\\Users\\PC_GYG~1\\AppData\\Local\\Temp\\rust_mozprofilex2LlfC"
Can't find symbol 'eglSwapBuffersWithDamageEXT'.
Can't find symbol 'eglSetDamageRegionKHR'.
JavaScript error: resource://gre/modules/XULStore.jsm, line 66: Error: Can't find profile directory.
console.warn: SearchSettings: "get: No settings file exists, new profile?" (new Error("", "(unknown module)"))
1611529625623	Marionette	INFO	Listening on port 59425
1611529625749	Marionette	WARN	TLS certificate errors will be ignored for this session
1611529665774	Marionette	INFO	Stopped listening on port 59425

###!!! [Child][RunMessage] Error: Channel closing: too late to send/recv, messages will be lost

1611529676021	geckodriver	INFO	Listening on 127.0.0.1:59501
1611529679070	mozrunner::runner	INFO	Running command: "C:\\Program Files\\Mozilla Firefox\\firefox.exe" "--marionette" "-foreground" "-no-remote" "-profile" "C:\\Users\\PC_GYG~1\\AppData\\Local\\Temp\\rust_mozprofileO1yfia"
Can't find symbol 'eglSwapBuffersWithDamageEXT'.
Can't find symbol 'eglSetDamageRegionKHR'.
JavaScript error: resource://gre/modules/XULStore.jsm, line 66: Error: Can't find profile directory.
console.warn: SearchSettings: "get: No settings file exists, new profile?" (new Error("", "(unknown module)"))
1611529681959	Marionette	INFO	Listening on port 59509
1611529682253	Marionette	WARN	TLS certificate errors will be ignored for this session
1611529722161	Marionette	INFO	Stopped listening on port 59509

###!!! [Child][RunMessage] Error: Channel closing: too late to send/recv, messages will be lost

1611529749807	geckodriver	INFO	Listening on 127.0.0.1:59587
1611529752901	mozrunner::runner	INFO	Running command: "C:\\Program Files\\Mozilla Firefox\\firefox.exe" "--marionette" "-foreground" "-no-remote" "-profile" "C:\\Users\\PC_GYG~1\\AppData\\Local\\Temp\\rust_mozprofileT3gCn7"
Can't find symbol 'eglSwapBuffersWithDamageEXT'.
Can't find symbol 'eglSetDamageRegionKHR'.
JavaScript error: resource://gre/modules/XULStore.jsm, line 66: Error: Can't find profile directory.
console.warn: SearchSettings: "get: No settings file exists, new profile?" (new Error("", "(unknown module)"))
1611529755955	Marionette	INFO	Listening on port 59595
1611529756083	Marionette	WARN	TLS certificate errors will be ignored for this session
1611529802145	Marionette	INFO	Stopped listening on port 59595

###!!! [Child][RunMessage] Error: Channel closing: too late to send/recv, messages will be lost

1611529936282	geckodriver	INFO	Listening on 127.0.0.1:59681
1611529939344	mozrunner::runner	INFO	Running command: "C:\\Program Files\\Mozilla Firefox\\firefox.exe" "--marionette" "-foreground" "-no-remote" "-profile" "C:\\Users\\PC_GYG~1\\AppData\\Local\\Temp\\rust_mozprofile4RUqq9"
Can't find symbol 'eglSwapBuffersWithDamageEXT'.
Can't find symbol 'eglSetDamageRegionKHR'.
JavaScript error: resource://gre/modules/XULStore.jsm, line 66: Error: Can't find profile directory.
console.warn: SearchSettings: "get: No settings file exists, new profile?" (new Error("", "(unknown module)"))
1611529942148	Marionette	INFO	Listening on port 59689
1611529942556	Marionette	WARN	TLS certificate errors will be ignored for this session
1611529985179	Marionette	INFO	Stopped listening on port 59689

###!!! [Child][RunMessage] Error: Channel closing: too late to send/recv, messages will be lost

1611530095557	geckodriver	INFO	Listening on 127.0.0.1:59780
1611530098671	mozrunner::runner	INFO	Running command: "C:\\Program Files\\Mozilla Firefox\\firefox.exe" "--marionette" "-foreground" "-no-remote" "-profile" "C:\\Users\\PC_GYG~1\\AppData\\Local\\Temp\\rust_mozprofilebpVdkz"
Can't find symbol 'eglSwapBuffersWithDamageEXT'.
Can't find symbol 'eglSetDamageRegionKHR'.
JavaScript error: resource://gre/modules/XULStore.jsm, line 66: Error: Can't find profile directory.
console.warn: SearchSettings: "get: No settings file exists, new profile?" (new Error("", "(unknown module)"))
1611530101735	Marionette	INFO	Listening on port 59788
1611530101878	Marionette	WARN	TLS certificate errors will be ignored for this session
1611530141969	Marionette	INFO	Stopped listening on port 59788

###!!! [Child][RunMessage] Error: Channel closing: too late to send/recv, messages will be lost


###!!! [Child][RunMessage] Error: Channel closing: too late to send/recv, messages will be lost

1611530196508	geckodriver	INFO	Listening on 127.0.0.1:59869
1611530199597	mozrunner::runner	INFO	Running command: "C:\\Program Files\\Mozilla Firefox\\firefox.exe" "--marionette" "-foreground" "-no-remote" "-profile" "C:\\Users\\PC_GYG~1\\AppData\\Local\\Temp\\rust_mozprofilektrgJm"
Can't find symbol 'eglSwapBuffersWithDamageEXT'.
Can't find symbol 'eglSetDamageRegionKHR'.
JavaScript error: resource://gre/modules/XULStore.jsm, line 66: Error: Can't find profile directory.
console.warn: SearchSettings: "get: No settings file exists, new profile?" (new Error("", "(unknown module)"))
1611530202629	Marionette	INFO	Listening on port 59877
1611530202791	Marionette	WARN	TLS certificate errors will be ignored for this session
1611530242317	Marionette	INFO	Stopped listening on port 59877

###!!! [Child][RunMessage] Error: Channel closing: too late to send/recv, messages will be lost


###!!! [Child][RunMessage] Error: Channel closing: too late to send/recv, messages will be lost

1611530309608	geckodriver	INFO	Listening on 127.0.0.1:59964
1611530312664	mozrunner::runner	INFO	Running command: "C:\\Program Files\\Mozilla Firefox\\firefox.exe" "--marionette" "-foreground" "-no-remote" "-profile" "C:\\Users\\PC_GYG~1\\AppData\\Local\\Temp\\rust_mozprofilec6jfzS"
Can't find symbol 'eglSwapBuffersWithDamageEXT'.
Can't find symbol 'eglSetDamageRegionKHR'.
JavaScript error: resource://gre/modules/XULStore.jsm, line 66: Error: Can't find profile directory.
console.warn: SearchSettings: "get: No settings file exists, new profile?" (new Error("", "(unknown module)"))
1611530315613	Marionette	INFO	Listening on port 59972
1611530315844	Marionette	WARN	TLS certificate errors will be ignored for this session
1611530356085	Marionette	INFO	Stopped listening on port 59972

###!!! [Child][RunMessage] Error: Channel closing: too late to send/recv, messages will be lost

1611531691334	geckodriver	INFO	Listening on 127.0.0.1:60100
1611531694418	mozrunner::runner	INFO	Running command: "C:\\Program Files\\Mozilla Firefox\\firefox.exe" "--marionette" "-foreground" "-no-remote" "-profile" "C:\\Users\\PC_GYG~1\\AppData\\Local\\Temp\\rust_mozprofileBWaxgM"
Can't find symbol 'eglSwapBuffersWithDamageEXT'.
Can't find symbol 'eglSetDamageRegionKHR'.
JavaScript error: resource://gre/modules/XULStore.jsm, line 66: Error: Can't find profile directory.
console.warn: SearchSettings: "get: No settings file exists, new profile?" (new Error("", "(unknown module)"))
1611531697498	Marionette	INFO	Listening on port 60108
1611531697612	Marionette	WARN	TLS certificate errors will be ignored for this session
Handler function _httpStopRequest threw an exception: [Exception... "Component returned failure code: 0x80004005 (NS_ERROR_FAILURE) [nsITraceableChannel.setNewListener]"  nsresult: "0x80004005 (NS_ERROR_FAILURE)"  location: "JS frame :: resource://devtools/server/actors/network-monitor/network-observer.js :: _setupResponseListener :: line 1086"  data: no]
Stack: _setupResponseListener@resource://devtools/server/actors/network-monitor/network-observer.js:1086:38
_createNetworkEvent@resource://devtools/server/actors/network-monitor/network-observer.js:912:12
_httpStopRequest@resource://devtools/server/actors/network-monitor/network-observer.js:409:14
exports.makeInfallible/<@resource://devtools/shared/ThreadSafeDevToolsUtils.js:103:22
Line: 1086, column: 0
console.error: ({})
Handler function _httpStopRequest threw an exception: [Exception... "Component returned failure code: 0x80004005 (NS_ERROR_FAILURE) [nsITraceableChannel.setNewListener]"  nsresult: "0x80004005 (NS_ERROR_FAILURE)"  location: "JS frame :: resource://devtools/server/actors/network-monitor/network-observer.js :: _setupResponseListener :: line 1086"  data: no]
Stack: _setupResponseListener@resource://devtools/server/actors/network-monitor/network-observer.js:1086:38
_createNetworkEvent@resource://devtools/server/actors/network-monitor/network-observer.js:912:12
_httpStopRequest@resource://devtools/server/actors/network-monitor/network-observer.js:409:14
exports.makeInfallible/<@resource://devtools/shared/ThreadSafeDevToolsUtils.js:103:22
Line: 1086, column: 0
console.error: ({})
Handler function _httpStopRequest threw an exception: [Exception... "Component returned failure code: 0x80004005 (NS_ERROR_FAILURE) [nsITraceableChannel.setNewListener]"  nsresult: "0x80004005 (NS_ERROR_FAILURE)"  location: "JS frame :: resource://devtools/server/actors/network-monitor/network-observer.js :: _setupResponseListener :: line 1086"  data: no]
Stack: _setupResponseListener@resource://devtools/server/actors/network-monitor/network-observer.js:1086:38
_createNetworkEvent@resource://devtools/server/actors/network-monitor/network-observer.js:912:12
_httpStopRequest@resource://devtools/server/actors/network-monitor/network-observer.js:409:14
exports.makeInfallible/<@resource://devtools/shared/ThreadSafeDevToolsUtils.js:103:22
Line: 1086, column: 0
console.error: ({})
1611531737221	Marionette	INFO	Stopped listening on port 60108
console.warn: "Async method failed in safeAsyncMethod" (new Error("Connection closed, pending request to server0.conn0.child3/customhighlighter102, type hide failed\n\nRequest stack:\nrequest@resource://devtools/shared/protocol/Front.js:288:14\ngenerateRequestMethods/</frontProto[name]@resource://devtools/shared/protocol/Front/FrontClassWithSpec.js:46:19\nhide@resource://devtools/client/fronts/highlighters.js:32:18\nexports.safeAsyncMethod/<@resource://devtools/shared/async-utils.js:57:25\nhideHighlighterType@resource://devtools/client/inspector/shared/highlighters-overlay.js:443:23\nexports.safeAsyncMethod/<@resource://devtools/shared/async-utils.js:57:25\n_hideBoxModel@resource://devtools/client/inspector/markup/markup.js:718:40\n_onMouseOut@resource://devtools/client/inspector/markup/markup.js:686:16\nobserve@resource://gre/modules/AsyncShutdown.jsm:573:16\nGeckoDriver.prototype.quit@chrome://marionette/content/driver.js:3602:20\ndespatch@chrome://marionette/content/server.js:297:40\nexecute@chrome://marionette/content/server.js:267:16\nonPacket/<@chrome://marionette/content/server.js:240:20\nonPacket@chrome://marionette/content/server.js:241:9\n_onJSONObjectReady/<@chrome://marionette/content/transport.js:504:20\n", "resource://devtools/shared/protocol/Front.js", 99))

###!!! [Child][RunMessage] Error: Channel closing: too late to send/recv, messages will be lost

1611532271792	geckodriver	INFO	Listening on 127.0.0.1:60267
1611532274865	mozrunner::runner	INFO	Running command: "C:\\Program Files\\Mozilla Firefox\\firefox.exe" "--marionette" "-foreground" "-no-remote" "-profile" "C:\\Users\\PC_GYG~1\\AppData\\Local\\Temp\\rust_mozprofilerjtlMz"
Can't find symbol 'eglSwapBuffersWithDamageEXT'.
Can't find symbol 'eglSetDamageRegionKHR'.
JavaScript error: resource://gre/modules/XULStore.jsm, line 66: Error: Can't find profile directory.
console.warn: SearchSettings: "get: No settings file exists, new profile?" (new Error("", "(unknown module)"))
1611532277906	Marionette	INFO	Listening on port 60275
1611532278036	Marionette	WARN	TLS certificate errors will be ignored for this session
1611532332778	Marionette	INFO	Stopped listening on port 60275

###!!! [Child][RunMessage] Error: Channel closing: too late to send/recv, messages will be lost

1611532489443	geckodriver	INFO	Listening on 127.0.0.1:60472
1611532492530	mozrunner::runner	INFO	Running command: "C:\\Program Files\\Mozilla Firefox\\firefox.exe" "--marionette" "-foreground" "-no-remote" "-profile" "C:\\Users\\PC_GYG~1\\AppData\\Local\\Temp\\rust_mozprofilemH1Xs1"
Can't find symbol 'eglSwapBuffersWithDamageEXT'.
Can't find symbol 'eglSetDamageRegionKHR'.
JavaScript error: resource://gre/modules/XULStore.jsm, line 66: Error: Can't find profile directory.
console.warn: SearchSettings: "get: No settings file exists, new profile?" (new Error("", "(unknown module)"))
1611532495306	Marionette	INFO	Listening on port 60481
1611532495696	Marionette	WARN	TLS certificate errors will be ignored for this session
1611532550669	Marionette	INFO	Stopped listening on port 60481

###!!! [Child][RunMessage] Error: Channel closing: too late to send/recv, messages will be lost

1611532706242	geckodriver	INFO	Listening on 127.0.0.1:60771
1611532709340	mozrunner::runner	INFO	Running command: "C:\\Program Files\\Mozilla Firefox\\firefox.exe" "--marionette" "-foreground" "-no-remote" "-profile" "C:\\Users\\PC_GYG~1\\AppData\\Local\\Temp\\rust_mozprofilevYkW8p"
Can't find symbol 'eglSwapBuffersWithDamageEXT'.
Can't find symbol 'eglSetDamageRegionKHR'.
JavaScript error: resource://gre/modules/XULStore.jsm, line 66: Error: Can't find profile directory.
console.warn: SearchSettings: "get: No settings file exists, new profile?" (new Error("", "(unknown module)"))
1611532712152	Marionette	INFO	Listening on port 60781
1611532712534	Marionette	WARN	TLS certificate errors will be ignored for this session
console.error: Region.jsm: "Error fetching region" (new Error("TIMEOUT", "resource://gre/modules/Region.jsm", 726))
console.error: Region.jsm: "Failed to fetch region" (new Error("TIMEOUT", "resource://gre/modules/Region.jsm", 376))
1611532784323	Marionette	INFO	Stopped listening on port 60781

###!!! [Child][RunMessage] Error: Channel closing: too late to send/recv, messages will be lost

1611533097101	geckodriver	INFO	Listening on 127.0.0.1:61080
1611533100172	mozrunner::runner	INFO	Running command: "C:\\Program Files\\Mozilla Firefox\\firefox.exe" "--marionette" "-foreground" "-no-remote" "-profile" "C:\\Users\\PC_GYG~1\\AppData\\Local\\Temp\\rust_mozprofilesBkYIn"
Can't find symbol 'eglSwapBuffersWithDamageEXT'.
Can't find symbol 'eglSetDamageRegionKHR'.
JavaScript error: resource://gre/modules/XULStore.jsm, line 66: Error: Can't find profile directory.
console.warn: SearchSettings: "get: No settings file exists, new profile?" (new Error("", "(unknown module)"))
1611533103170	Marionette	INFO	Listening on port 61089
1611533103347	Marionette	WARN	TLS certificate errors will be ignored for this session

###!!! [Child][RunMessage] Error: Channel closing: too late to send/recv, messages will be lost

1611533149333	Marionette	INFO	Stopped listening on port 61089

###!!! [Child][RunMessage] Error: Channel closing: too late to send/recv, messages will be lost

1611533158316	geckodriver	INFO	Listening on 127.0.0.1:61190
1611533161390	mozrunner::runner	INFO	Running command: "C:\\Program Files\\Mozilla Firefox\\firefox.exe" "--marionette" "-foreground" "-no-remote" "-profile" "C:\\Users\\PC_GYG~1\\AppData\\Local\\Temp\\rust_mozprofileUO6Rl5"
Can't find symbol 'eglSwapBuffersWithDamageEXT'.
Can't find symbol 'eglSetDamageRegionKHR'.
JavaScript error: resource://gre/modules/XULStore.jsm, line 66: Error: Can't find profile directory.
console.warn: SearchSettings: "get: No settings file exists, new profile?" (new Error("", "(unknown module)"))
1611533164408	Marionette	INFO	Listening on port 61199
1611533164569	Marionette	WARN	TLS certificate errors will be ignored for this session

###!!! [Child][RunMessage] Error: Channel closing: too late to send/recv, messages will be lost

1611533211090	Marionette	INFO	Stopped listening on port 61199

###!!! [Child][RunMessage] Error: Channel closing: too late to send/recv, messages will be lost

1611533225535	geckodriver	INFO	Listening on 127.0.0.1:61310
1611533228641	mozrunner::runner	INFO	Running command: "C:\\Program Files\\Mozilla Firefox\\firefox.exe" "--marionette" "-foreground" "-no-remote" "-profile" "C:\\Users\\PC_GYG~1\\AppData\\Local\\Temp\\rust_mozprofileZZqUDR"
Can't find symbol 'eglSwapBuffersWithDamageEXT'.
Can't find symbol 'eglSetDamageRegionKHR'.
JavaScript error: resource://gre/modules/XULStore.jsm, line 66: Error: Can't find profile directory.
console.warn: SearchSettings: "get: No settings file exists, new profile?" (new Error("", "(unknown module)"))
1611533231617	Marionette	INFO	Listening on port 61319
1611533231845	Marionette	WARN	TLS certificate errors will be ignored for this session
1611533276951	Marionette	INFO	Stopped listening on port 61319

###!!! [Child][RunMessage] Error: Channel closing: too late to send/recv, messages will be lost

1611533599683	geckodriver	INFO	Listening on 127.0.0.1:61582
1611533602781	mozrunner::runner	INFO	Running command: "C:\\Program Files\\Mozilla Firefox\\firefox.exe" "--marionette" "-foreground" "-no-remote" "-profile" "C:\\Users\\PC_GYG~1\\AppData\\Local\\Temp\\rust_mozprofilebKbI6k"
Can't find symbol 'eglSwapBuffersWithDamageEXT'.
Can't find symbol 'eglSetDamageRegionKHR'.
JavaScript error: resource://gre/modules/XULStore.jsm, line 66: Error: Can't find profile directory.
console.warn: SearchSettings: "get: No settings file exists, new profile?" (new Error("", "(unknown module)"))
1611533605678	Marionette	INFO	Listening on port 61591
1611533605957	Marionette	WARN	TLS certificate errors will be ignored for this session
1611533646911	Marionette	INFO	Stopped listening on port 61591

###!!! [Child][RunMessage] Error: Channel closing: too late to send/recv, messages will be lost

1611533788187	geckodriver	INFO	Listening on 127.0.0.1:61752
1611533791272	mozrunner::runner	INFO	Running command: "C:\\Program Files\\Mozilla Firefox\\firefox.exe" "--marionette" "-foreground" "-no-remote" "-profile" "C:\\Users\\PC_GYG~1\\AppData\\Local\\Temp\\rust_mozprofile5ZHy54"
Can't find symbol 'eglSwapBuffersWithDamageEXT'.
Can't find symbol 'eglSetDamageRegionKHR'.
JavaScript error: resource://gre/modules/XULStore.jsm, line 66: Error: Can't find profile directory.
console.warn: SearchSettings: "get: No settings file exists, new profile?" (new Error("", "(unknown module)"))
1611533794116	Marionette	INFO	Listening on port 61761
1611533794429	Marionette	WARN	TLS certificate errors will be ignored for this session
1611533834970	Marionette	INFO	Stopped listening on port 61761

###!!! [Child][RunMessage] Error: Channel closing: too late to send/recv, messages will be lost

1611534347518	geckodriver	INFO	Listening on 127.0.0.1:62122
1611534350598	mozrunner::runner	INFO	Running command: "C:\\Program Files\\Mozilla Firefox\\firefox.exe" "--marionette" "-foreground" "-no-remote" "-profile" "C:\\Users\\PC_GYG~1\\AppData\\Local\\Temp\\rust_mozprofilem6vuA0"
Can't find symbol 'eglSwapBuffersWithDamageEXT'.
Can't find symbol 'eglSetDamageRegionKHR'.
JavaScript error: resource://gre/modules/XULStore.jsm, line 66: Error: Can't find profile directory.
console.warn: SearchSettings: "get: No settings file exists, new profile?" (new Error("", "(unknown module)"))
1611534353587	Marionette	INFO	Listening on port 62130
JavaScript error: resource://activity-stream/lib/ASRouter.jsm, line 987: NS_ERROR_ILLEGAL_VALUE: Component returned failure code: 0x80070057 (NS_ERROR_ILLEGAL_VALUE) [nsIObserverService.removeObserver]
console.warn: services.settings: main/message-groups sync interrupted by shutdown
console.error: services.settings: 
  main/fxmonitor-breaches Signature failed  TypeError: NetworkError when attempting to fetch resource.
console.error: Region.jsm: "Error fetching region" (new TypeError("NetworkError when attempting to fetch resource.", ""))
console.error: Region.jsm: "Failed to fetch region" (new Error("NO_RESULT", "resource://gre/modules/Region.jsm", 376))
[Parent 8236, Gecko_IOThread] WARNING: file /builds/worker/checkouts/gecko/ipc/chromium/src/base/process_util_win.cc:166
1611534353934	Marionette	INFO	Stopped listening on port 62130

###!!! [Child][RunMessage] Error: Channel closing: too late to send/recv, messages will be lost

1611534387109	geckodriver	INFO	Listening on 127.0.0.1:62157
1611534390192	mozrunner::runner	INFO	Running command: "C:\\Program Files\\Mozilla Firefox\\firefox.exe" "--marionette" "-foreground" "-no-remote" "-profile" "C:\\Users\\PC_GYG~1\\AppData\\Local\\Temp\\rust_mozprofile6J02Mq"
Can't find symbol 'eglSwapBuffersWithDamageEXT'.
Can't find symbol 'eglSetDamageRegionKHR'.
JavaScript error: resource://gre/modules/XULStore.jsm, line 66: Error: Can't find profile directory.
console.warn: SearchSettings: "get: No settings file exists, new profile?" (new Error("", "(unknown module)"))
1611534393567	Marionette	INFO	Listening on port 62165
1611534393863	Marionette	WARN	TLS certificate errors will be ignored for this session
1611534434826	Marionette	INFO	Stopped listening on port 62165

###!!! [Child][RunMessage] Error: Channel closing: too late to send/recv, messages will be lost

1611534787885	geckodriver	INFO	Listening on 127.0.0.1:62261
1611534790968	mozrunner::runner	INFO	Running command: "C:\\Program Files\\Mozilla Firefox\\firefox.exe" "--marionette" "-foreground" "-no-remote" "-profile" "C:\\Users\\PC_GYG~1\\AppData\\Local\\Temp\\rust_mozprofileWOOWYv"
Can't find symbol 'eglSwapBuffersWithDamageEXT'.
Can't find symbol 'eglSetDamageRegionKHR'.
JavaScript error: resource://gre/modules/XULStore.jsm, line 66: Error: Can't find profile directory.
console.warn: SearchSettings: "get: No settings file exists, new profile?" (new Error("", "(unknown module)"))
1611534794192	Marionette	INFO	Listening on port 62269
1611534794714	Marionette	WARN	TLS certificate errors will be ignored for this session
1611534835225	Marionette	INFO	Stopped listening on port 62269

###!!! [Child][RunMessage] Error: Channel closing: too late to send/recv, messages will be lost

1611534856889	geckodriver	INFO	Listening on 127.0.0.1:62355
1611534860022	mozrunner::runner	INFO	Running command: "C:\\Program Files\\Mozilla Firefox\\firefox.exe" "--marionette" "-foreground" "-no-remote" "-profile" "C:\\Users\\PC_GYG~1\\AppData\\Local\\Temp\\rust_mozprofileT5VCLM"
Can't find symbol 'eglSwapBuffersWithDamageEXT'.
Can't find symbol 'eglSetDamageRegionKHR'.
JavaScript error: resource://gre/modules/XULStore.jsm, line 66: Error: Can't find profile directory.
console.warn: SearchSettings: "get: No settings file exists, new profile?" (new Error("", "(unknown module)"))
1611534862972	Marionette	INFO	Listening on port 62363
1611534863191	Marionette	WARN	TLS certificate errors will be ignored for this session
1611534912348	Marionette	INFO	Stopped listening on port 62363

###!!! [Child][RunMessage] Error: Channel closing: too late to send/recv, messages will be lost

1611535296383	geckodriver	INFO	Listening on 127.0.0.1:62468
1611535299469	mozrunner::runner	INFO	Running command: "C:\\Program Files\\Mozilla Firefox\\firefox.exe" "--marionette" "-foreground" "-no-remote" "-profile" "C:\\Users\\PC_GYG~1\\AppData\\Local\\Temp\\rust_mozprofile6savHa"
Can't find symbol 'eglSwapBuffersWithDamageEXT'.
Can't find symbol 'eglSetDamageRegionKHR'.
JavaScript error: resource://gre/modules/XULStore.jsm, line 66: Error: Can't find profile directory.
console.warn: SearchSettings: "get: No settings file exists, new profile?" (new Error("", "(unknown module)"))
1611535302425	Marionette	INFO	Listening on port 62476
1611535302647	Marionette	WARN	TLS certificate errors will be ignored for this session
1611535351156	Marionette	INFO	Stopped listening on port 62476

###!!! [Child][RunMessage] Error: Channel closing: too late to send/recv, messages will be lost

1611535431847	geckodriver	INFO	Listening on 127.0.0.1:62565
1611535434922	mozrunner::runner	INFO	Running command: "C:\\Program Files\\Mozilla Firefox\\firefox.exe" "--marionette" "-foreground" "-no-remote" "-profile" "C:\\Users\\PC_GYG~1\\AppData\\Local\\Temp\\rust_mozprofileljyNwp"
Can't find symbol 'eglSwapBuffersWithDamageEXT'.
Can't find symbol 'eglSetDamageRegionKHR'.
JavaScript error: resource://gre/modules/XULStore.jsm, line 66: Error: Can't find profile directory.
console.warn: SearchSettings: "get: No settings file exists, new profile?" (new Error("", "(unknown module)"))
1611535437962	Marionette	INFO	Listening on port 62573
1611535438107	Marionette	WARN	TLS certificate errors will be ignored for this session
1611535486880	Marionette	INFO	Stopped listening on port 62573

###!!! [Child][RunMessage] Error: Channel closing: too late to send/recv, messages will be lost

1611535833439	geckodriver	INFO	Listening on 127.0.0.1:62700
1611535836492	mozrunner::runner	INFO	Running command: "C:\\Program Files\\Mozilla Firefox\\firefox.exe" "--marionette" "-foreground" "-no-remote" "-profile" "C:\\Users\\PC_GYG~1\\AppData\\Local\\Temp\\rust_mozprofileEOSmNI"
Can't find symbol 'eglSwapBuffersWithDamageEXT'.
Can't find symbol 'eglSetDamageRegionKHR'.
JavaScript error: resource://gre/modules/XULStore.jsm, line 66: Error: Can't find profile directory.
console.warn: SearchSettings: "get: No settings file exists, new profile?" (new Error("", "(unknown module)"))
1611535839717	Marionette	INFO	Listening on port 62708
1611535840193	Marionette	WARN	TLS certificate errors will be ignored for this session
1611535891557	Marionette	INFO	Stopped listening on port 62708

###!!! [Child][RunMessage] Error: Channel closing: too late to send/recv, messages will be lost

1611550875729	geckodriver	INFO	Listening on 127.0.0.1:63162
1611550878781	mozrunner::runner	INFO	Running command: "C:\\Program Files\\Mozilla Firefox\\firefox.exe" "--marionette" "-foreground" "-no-remote" "-profile" "C:\\Users\\PC_GYG~1\\AppData\\Local\\Temp\\rust_mozprofileheuGWG"
Can't find symbol 'eglSwapBuffersWithDamageEXT'.
Can't find symbol 'eglSetDamageRegionKHR'.
JavaScript error: resource://gre/modules/XULStore.jsm, line 66: Error: Can't find profile directory.
console.warn: SearchSettings: "get: No settings file exists, new profile?" (new Error("", "(unknown module)"))
1611550881781	Marionette	INFO	Listening on port 63170
1611550881987	Marionette	WARN	TLS certificate errors will be ignored for this session
1611550932073	Marionette	INFO	Stopped listening on port 63170

###!!! [Child][RunMessage] Error: Channel closing: too late to send/recv, messages will be lost

1611550968383	geckodriver	INFO	Listening on 127.0.0.1:63249
1611550971466	mozrunner::runner	INFO	Running command: "C:\\Program Files\\Mozilla Firefox\\firefox.exe" "--marionette" "-foreground" "-no-remote" "-profile" "C:\\Users\\PC_GYG~1\\AppData\\Local\\Temp\\rust_mozprofile3Ou2ew"
Can't find symbol 'eglSwapBuffersWithDamageEXT'.
Can't find symbol 'eglSetDamageRegionKHR'.
JavaScript error: resource://gre/modules/XULStore.jsm, line 66: Error: Can't find profile directory.
console.warn: SearchSettings: "get: No settings file exists, new profile?" (new Error("", "(unknown module)"))
1611550974534	Marionette	INFO	Listening on port 63257
1611550974649	Marionette	WARN	TLS certificate errors will be ignored for this session
1611551030358	Marionette	INFO	Stopped listening on port 63257

###!!! [Child][RunMessage] Error: Channel closing: too late to send/recv, messages will be lost

1611552187323	geckodriver	INFO	Listening on 127.0.0.1:63400
1611552190416	mozrunner::runner	INFO	Running command: "C:\\Program Files\\Mozilla Firefox\\firefox.exe" "--marionette" "-foreground" "-no-remote" "-profile" "C:\\Users\\PC_GYG~1\\AppData\\Local\\Temp\\rust_mozprofileFFtwi5"
Can't find symbol 'eglSwapBuffersWithDamageEXT'.
Can't find symbol 'eglSetDamageRegionKHR'.
JavaScript error: resource://gre/modules/XULStore.jsm, line 66: Error: Can't find profile directory.
console.warn: SearchSettings: "get: No settings file exists, new profile?" (new Error("", "(unknown module)"))
1611552193378	Marionette	INFO	Listening on port 63408
1611552193586	Marionette	WARN	TLS certificate errors will be ignored for this session
1611552245306	Marionette	INFO	Stopped listening on port 63408

###!!! [Child][RunMessage] Error: Channel closing: too late to send/recv, messages will be lost

1611552305568	geckodriver	INFO	Listening on 127.0.0.1:63500
1611552308659	mozrunner::runner	INFO	Running command: "C:\\Program Files\\Mozilla Firefox\\firefox.exe" "--marionette" "-foreground" "-no-remote" "-profile" "C:\\Users\\PC_GYG~1\\AppData\\Local\\Temp\\rust_mozprofileww7bDV"
Can't find symbol 'eglSwapBuffersWithDamageEXT'.
Can't find symbol 'eglSetDamageRegionKHR'.
JavaScript error: resource://gre/modules/XULStore.jsm, line 66: Error: Can't find profile directory.
console.warn: SearchSettings: "get: No settings file exists, new profile?" (new Error("", "(unknown module)"))
1611552311630	Marionette	INFO	Listening on port 63508
1611552311854	Marionette	WARN	TLS certificate errors will be ignored for this session
1611552368686	Marionette	INFO	Stopped listening on port 63508

###!!! [Child][RunMessage] Error: Channel closing: too late to send/recv, messages will be lost

1611552598829	geckodriver	INFO	Listening on 127.0.0.1:63596
1611552601926	mozrunner::runner	INFO	Running command: "C:\\Program Files\\Mozilla Firefox\\firefox.exe" "--marionette" "-foreground" "-no-remote" "-profile" "C:\\Users\\PC_GYG~1\\AppData\\Local\\Temp\\rust_mozprofilemfr0Ux"
Can't find symbol 'eglSwapBuffersWithDamageEXT'.
Can't find symbol 'eglSetDamageRegionKHR'.
JavaScript error: resource://gre/modules/XULStore.jsm, line 66: Error: Can't find profile directory.
console.warn: SearchSettings: "get: No settings file exists, new profile?" (new Error("", "(unknown module)"))
[Parent 2752, Gecko_IOThread] WARNING: file /builds/worker/checkouts/gecko/ipc/chromium/src/base/process_util_win.cc:166
1611552606095	Marionette	INFO	Listening on port 63604
1611552606155	Marionette	WARN	TLS certificate errors will be ignored for this session
console.error: Region.jsm: "Error fetching region" (new Error("TIMEOUT", "resource://gre/modules/Region.jsm", 726))
console.error: Region.jsm: "Failed to fetch region" (new Error("TIMEOUT", "resource://gre/modules/Region.jsm", 376))
1611552657059	Marionette	INFO	Stopped listening on port 63604

###!!! [Child][RunMessage] Error: Channel closing: too late to send/recv, messages will be lost

1611552703488	geckodriver	INFO	Listening on 127.0.0.1:63689
1611552706543	mozrunner::runner	INFO	Running command: "C:\\Program Files\\Mozilla Firefox\\firefox.exe" "--marionette" "-foreground" "-no-remote" "-profile" "C:\\Users\\PC_GYG~1\\AppData\\Local\\Temp\\rust_mozprofile9VooFm"
Can't find symbol 'eglSwapBuffersWithDamageEXT'.
Can't find symbol 'eglSetDamageRegionKHR'.
JavaScript error: resource://gre/modules/XULStore.jsm, line 66: Error: Can't find profile directory.
console.warn: SearchSettings: "get: No settings file exists, new profile?" (new Error("", "(unknown module)"))
1611552709771	Marionette	INFO	Listening on port 63698
1611552710212	Marionette	WARN	TLS certificate errors will be ignored for this session
1611552758792	Marionette	INFO	Stopped listening on port 63698
[Parent 13556, Gecko_IOThread] WARNING: file /builds/worker/checkouts/gecko/ipc/chromium/src/base/process_util_win.cc:166

###!!! [Child][RunMessage] Error: Channel closing: too late to send/recv, messages will be lost

1611552823401	geckodriver	INFO	Listening on 127.0.0.1:63785
1611552826486	mozrunner::runner	INFO	Running command: "C:\\Program Files\\Mozilla Firefox\\firefox.exe" "--marionette" "-foreground" "-no-remote" "-profile" "C:\\Users\\PC_GYG~1\\AppData\\Local\\Temp\\rust_mozprofileNjxrA1"
Can't find symbol 'eglSwapBuffersWithDamageEXT'.
Can't find symbol 'eglSetDamageRegionKHR'.
JavaScript error: resource://gre/modules/XULStore.jsm, line 66: Error: Can't find profile directory.
console.warn: SearchSettings: "get: No settings file exists, new profile?" (new Error("", "(unknown module)"))
1611552830100	Marionette	INFO	Listening on port 63793
1611552830184	Marionette	WARN	TLS certificate errors will be ignored for this session
1611552884900	Marionette	INFO	Stopped listening on port 63793
console.error: (new Error("Connection closed before committing the transaction.", "resource://gre/modules/Sqlite.jsm", 688))
JavaScript error: resource://gre/modules/Sqlite.jsm, line 688: Error: Connection closed before committing the transaction.

###!!! [Child][RunMessage] Error: Channel closing: too late to send/recv, messages will be lost

1611553066581	geckodriver	INFO	Listening on 127.0.0.1:63879
1611553069691	mozrunner::runner	INFO	Running command: "C:\\Program Files\\Mozilla Firefox\\firefox.exe" "--marionette" "-foreground" "-no-remote" "-profile" "C:\\Users\\PC_GYG~1\\AppData\\Local\\Temp\\rust_mozprofileI98Hve"
Can't find symbol 'eglSwapBuffersWithDamageEXT'.
Can't find symbol 'eglSetDamageRegionKHR'.
JavaScript error: resource://gre/modules/XULStore.jsm, line 66: Error: Can't find profile directory.
console.warn: SearchSettings: "get: No settings file exists, new profile?" (new Error("", "(unknown module)"))
1611553072755	Marionette	INFO	Listening on port 63887
1611553072896	Marionette	WARN	TLS certificate errors will be ignored for this session
1611553128336	Marionette	INFO	Stopped listening on port 63887

###!!! [Child][RunMessage] Error: Channel closing: too late to send/recv, messages will be lost

1611553217768	geckodriver	INFO	Listening on 127.0.0.1:63963
1611553220820	mozrunner::runner	INFO	Running command: "C:\\Program Files\\Mozilla Firefox\\firefox.exe" "--marionette" "-foreground" "-no-remote" "-profile" "C:\\Users\\PC_GYG~1\\AppData\\Local\\Temp\\rust_mozprofile95dsJf"
Can't find symbol 'eglSwapBuffersWithDamageEXT'.
Can't find symbol 'eglSetDamageRegionKHR'.
JavaScript error: resource://gre/modules/XULStore.jsm, line 66: Error: Can't find profile directory.
console.warn: SearchSettings: "get: No settings file exists, new profile?" (new Error("", "(unknown module)"))
1611553224705	Marionette	INFO	Listening on port 63971
1611553225033	Marionette	WARN	TLS certificate errors will be ignored for this session
1611553273110	Marionette	INFO	Stopped listening on port 63971

###!!! [Child][RunMessage] Error: Channel closing: too late to send/recv, messages will be lost

1611553375855	geckodriver	INFO	Listening on 127.0.0.1:64051
1611553378957	mozrunner::runner	INFO	Running command: "C:\\Program Files\\Mozilla Firefox\\firefox.exe" "--marionette" "-foreground" "-no-remote" "-profile" "C:\\Users\\PC_GYG~1\\AppData\\Local\\Temp\\rust_mozprofilenzXe0v"
Can't find symbol 'eglSwapBuffersWithDamageEXT'.
Can't find symbol 'eglSetDamageRegionKHR'.
JavaScript error: resource://gre/modules/XULStore.jsm, line 66: Error: Can't find profile directory.
console.warn: SearchSettings: "get: No settings file exists, new profile?" (new Error("", "(unknown module)"))
1611553382753	Marionette	INFO	Listening on port 64059
1611553383165	Marionette	WARN	TLS certificate errors will be ignored for this session
JavaScript error: resource://gre/actors/SelectChild.jsm, line 287: TypeError: InspectorUtils.setContentState: Argument 1 is not an object.
1611553435918	Marionette	INFO	Stopped listening on port 64059

###!!! [Child][RunMessage] Error: Channel closing: too late to send/recv, messages will be lost

JavaScript error: resource://gre/modules/osfile/osfile_async_front.jsm, line 426: Error: OS.File has been shut down. Rejecting post to stat
1611553456434	geckodriver	INFO	Listening on 127.0.0.1:64145
1611553459533	mozrunner::runner	INFO	Running command: "C:\\Program Files\\Mozilla Firefox\\firefox.exe" "--marionette" "-foreground" "-no-remote" "-profile" "C:\\Users\\PC_GYG~1\\AppData\\Local\\Temp\\rust_mozprofileW2AQPg"
Can't find symbol 'eglSwapBuffersWithDamageEXT'.
Can't find symbol 'eglSetDamageRegionKHR'.
JavaScript error: resource://gre/modules/XULStore.jsm, line 66: Error: Can't find profile directory.
console.warn: SearchSettings: "get: No settings file exists, new profile?" (new Error("", "(unknown module)"))
1611553462459	Marionette	INFO	Listening on port 64153
1611553462709	Marionette	WARN	TLS certificate errors will be ignored for this session
1611553513153	Marionette	INFO	Stopped listening on port 64153

###!!! [Child][RunMessage] Error: Channel closing: too late to send/recv, messages will be lost

1611553613773	geckodriver	INFO	Listening on 127.0.0.1:64239
1611553616863	mozrunner::runner	INFO	Running command: "C:\\Program Files\\Mozilla Firefox\\firefox.exe" "--marionette" "-foreground" "-no-remote" "-profile" "C:\\Users\\PC_GYG~1\\AppData\\Local\\Temp\\rust_mozprofilecVHnYY"
Can't find symbol 'eglSwapBuffersWithDamageEXT'.
Can't find symbol 'eglSetDamageRegionKHR'.
JavaScript error: resource://gre/modules/XULStore.jsm, line 66: Error: Can't find profile directory.
console.warn: SearchSettings: "get: No settings file exists, new profile?" (new Error("", "(unknown module)"))
1611553620094	Marionette	INFO	Listening on port 64247
1611553620545	Marionette	WARN	TLS certificate errors will be ignored for this session
1611553680476	Marionette	INFO	Stopped listening on port 64247

###!!! [Child][RunMessage] Error: Channel closing: too late to send/recv, messages will be lost

1611553797516	geckodriver	INFO	Listening on 127.0.0.1:64350
1611553800589	mozrunner::runner	INFO	Running command: "C:\\Program Files\\Mozilla Firefox\\firefox.exe" "--marionette" "-foreground" "-no-remote" "-profile" "C:\\Users\\PC_GYG~1\\AppData\\Local\\Temp\\rust_mozprofileXhl2ZP"
Can't find symbol 'eglSwapBuffersWithDamageEXT'.
Can't find symbol 'eglSetDamageRegionKHR'.
JavaScript error: resource://gre/modules/XULStore.jsm, line 66: Error: Can't find profile directory.
console.warn: SearchSettings: "get: No settings file exists, new profile?" (new Error("", "(unknown module)"))
1611553804248	Marionette	INFO	Listening on port 64358
1611553804307	Marionette	WARN	TLS certificate errors will be ignored for this session
1611553862058	Marionette	INFO	Stopped listening on port 64358

###!!! [Child][RunMessage] Error: Channel closing: too late to send/recv, messages will be lost

1611556176841	geckodriver	INFO	Listening on 127.0.0.1:64594
1611556179928	mozrunner::runner	INFO	Running command: "C:\\Program Files\\Mozilla Firefox\\firefox.exe" "--marionette" "-foreground" "-no-remote" "-profile" "C:\\Users\\PC_GYG~1\\AppData\\Local\\Temp\\rust_mozprofile6e3dhn"
Can't find symbol 'eglSwapBuffersWithDamageEXT'.
Can't find symbol 'eglSetDamageRegionKHR'.
JavaScript error: resource://gre/modules/XULStore.jsm, line 66: Error: Can't find profile directory.
console.warn: SearchSettings: "get: No settings file exists, new profile?" (new Error("", "(unknown module)"))
1611556183279	Marionette	INFO	Listening on port 64602
1611556183632	Marionette	WARN	TLS certificate errors will be ignored for this session
1611556232670	Marionette	INFO	Stopped listening on port 64602

###!!! [Child][RunMessage] Error: Channel closing: too late to send/recv, messages will be lost


###!!! [Child][RunMessage] Error: Channel closing: too late to send/recv, messages will be lost

1611556302764	geckodriver	INFO	Listening on 127.0.0.1:64692
1611556305871	mozrunner::runner	INFO	Running command: "C:\\Program Files\\Mozilla Firefox\\firefox.exe" "--marionette" "-foreground" "-no-remote" "-profile" "C:\\Users\\PC_GYG~1\\AppData\\Local\\Temp\\rust_mozprofilef7AGGo"
Can't find symbol 'eglSwapBuffersWithDamageEXT'.
Can't find symbol 'eglSetDamageRegionKHR'.
JavaScript error: resource://gre/modules/XULStore.jsm, line 66: Error: Can't find profile directory.
console.warn: SearchSettings: "get: No settings file exists, new profile?" (new Error("", "(unknown module)"))
1611556309101	Marionette	INFO	Listening on port 64700
1611556309570	Marionette	WARN	TLS certificate errors will be ignored for this session
1611556359273	Marionette	INFO	Stopped listening on port 64700
console.error: (new Error("Connection closed before committing the transaction.", "resource://gre/modules/Sqlite.jsm", 688))
JavaScript error: resource://gre/modules/Sqlite.jsm, line 688: Error: Connection closed before committing the transaction.

###!!! [Child][RunMessage] Error: Channel closing: too late to send/recv, messages will be lost

1611556388142	geckodriver	INFO	Listening on 127.0.0.1:64779
1611556391211	mozrunner::runner	INFO	Running command: "C:\\Program Files\\Mozilla Firefox\\firefox.exe" "--marionette" "-foreground" "-no-remote" "-profile" "C:\\Users\\PC_GYG~1\\AppData\\Local\\Temp\\rust_mozprofileGkwjpD"
Can't find symbol 'eglSwapBuffersWithDamageEXT'.
Can't find symbol 'eglSetDamageRegionKHR'.
JavaScript error: resource://gre/modules/XULStore.jsm, line 66: Error: Can't find profile directory.
console.warn: SearchSettings: "get: No settings file exists, new profile?" (new Error("", "(unknown module)"))
1611556394383	Marionette	INFO	Listening on port 64787
1611556394891	Marionette	WARN	TLS certificate errors will be ignored for this session
1611556480268	Marionette	INFO	Stopped listening on port 64787

###!!! [Child][RunMessage] Error: Channel closing: too late to send/recv, messages will be lost

1611556540503	geckodriver	INFO	Listening on 127.0.0.1:64878
1611556543584	mozrunner::runner	INFO	Running command: "C:\\Program Files\\Mozilla Firefox\\firefox.exe" "--marionette" "-foreground" "-no-remote" "-profile" "C:\\Users\\PC_GYG~1\\AppData\\Local\\Temp\\rust_mozprofileHKYRhF"
Can't find symbol 'eglSwapBuffersWithDamageEXT'.
Can't find symbol 'eglSetDamageRegionKHR'.
JavaScript error: resource://gre/modules/XULStore.jsm, line 66: Error: Can't find profile directory.
console.warn: SearchSettings: "get: No settings file exists, new profile?" (new Error("", "(unknown module)"))
1611556546502	Marionette	INFO	Listening on port 64888
1611556546782	Marionette	WARN	TLS certificate errors will be ignored for this session
